Start testing: Jul 23 01:46 UTC
----------------------------------------------------------
Unable to find executable: /app/build/synq_tests
1/1 Testing: AllSynQTests
1/1 Test: AllSynQTests
Command: ""
Directory: /app/build
"AllSynQTests" start time:
Output:
----------------------------------------------------------
<end of output>
Test time =   0.00 sec
----------------------------------------------------------
Test Passed.
"AllSynQTests" end time: Jul 23 01:46 UTC
"AllSynQTests" time elapsed: 00:00:00
----------------------------------------------------------

End testing: Jul 23 01:46 UTC
